<?xml version="1.0" encoding="UTF-8"?>
<!-- Generated by org.testng.reporters.JUnitReportReporter -->
<testsuite skipped="0" hostname="86023f8af1ef" name="com.searchmodule.tests.SearchTest" tests="2" failures="0" timestamp="29 May 2021 15:43:04 GMT" time="6.795" errors="0">
  <testcase name="search" time="3.442" classname="com.searchmodule.tests.SearchTest"/>
  <testcase name="search" time="3.353" classname="com.searchmodule.tests.SearchTest"/>
</testsuite> <!-- com.searchmodule.tests.SearchTest -->
